<?xml version="1.0" encoding="UTF-8"?>
<!-- Generated by org.testng.reporters.JUnitReportReporter -->
<testsuite hostname="LAPTOP-SUO3NIPV" failures="0" tests="1" name="APIAutomation.API_Automation.GET_Request" time="1.382" errors="0" timestamp="21 Dec 2017 22:42:52 GMT" skipped="0">
  <testcase classname="APIAutomation.API_Automation.GET_Request" name="get" time="1.382"/>
</testsuite> <!-- APIAutomation.API_Automation.GET_Request -->
