<?xml version="1.0" encoding="UTF-8"?>
<!-- Generated by org.testng.reporters.JUnitReportReporter -->
<testsuite hostname="LAPTOP-SUO3NIPV" failures="0" tests="3" name="APIAutomation.API_Automation.GET_Request" time="2.496" errors="0" timestamp="20 Dec 2017 19:52:26 GMT" skipped="0">
  <testcase classname="APIAutomation.API_Automation.GET_Request" name="validate_jsonpath" time="0.463"/>
  <testcase classname="APIAutomation.API_Automation.GET_Request" name="get_Assert" time="0.228"/>
  <testcase classname="APIAutomation.API_Automation.GET_Request" name="get" time="1.805"/>
</testsuite> <!-- APIAutomation.API_Automation.GET_Request -->
