<?xml version="1.0" encoding="UTF-8"?>
<!-- Generated by org.testng.reporters.JUnitReportReporter -->
<testsuite hostname="LAPTOP-SUO3NIPV" failures="0" tests="1" name="UI_Tests.webdriver_commands" time="4.874" errors="0" timestamp="21 Dec 2017 22:44:06 GMT" skipped="0">
  <testcase classname="UI_Tests.webdriver_commands" name="TC1" time="4.874"/>
</testsuite> <!-- UI_Tests.webdriver_commands -->
