<?xml version="1.0" encoding="UTF-8"?>
<!-- Generated by org.testng.reporters.JUnitReportReporter -->
<testsuite hostname="LAPTOP-SUO3NIPV" failures="0" tests="1" name="TestNG.RErun_failed_TCS" time="0.136" errors="0" timestamp="20 Dec 2017 19:27:01 GMT" skipped="0">
  <testcase classname="TestNG.RErun_failed_TCS" name="TC2" time="0.136"/>
</testsuite> <!-- TestNG.RErun_failed_TCS -->
